2021-01-06 12:07:58.559  INFO 16960 --- [restartedMain] c.e.a.AlbumsServiceApplication           : No active profile set, falling back to default profiles: default
2021-01-06 12:07:58.986  WARN 16960 --- [restartedMain] o.s.boot.actuate.endpoint.EndpointId     : Endpoint ID 'service-registry' contains invalid characters, please migrate to a valid format.
2021-01-06 12:07:59.068  INFO 16960 --- [restartedMain] o.s.cloud.context.scope.GenericScope     : BeanFactory id=f1e861f0-bc43-3d88-b0b3-add7903cfe2c
2021-01-06 12:07:59.116  INFO 16960 --- [restartedMain] trationDelegate$BeanPostProcessorChecker : Bean 'org.springframework.cloud.autoconfigure.ConfigurationPropertiesRebinderAutoConfiguration' of type [org.springframework.cloud.autoconfigure.ConfigurationPropertiesRebinderAutoConfiguration$$EnhancerBySpringCGLIB$$864d93b0] is not eligible for getting processed by all BeanPostProcessors (for example: not eligible for auto-proxying)
2021-01-06 12:07:59.359  INFO 16960 --- [restartedMain] o.s.b.w.embedded.tomcat.TomcatWebServer  : Tomcat initialized with port(s): 0 (http)
2021-01-06 12:07:59.370  INFO 16960 --- [restartedMain] o.apache.catalina.core.StandardService   : Starting service [Tomcat]
2021-01-06 12:07:59.370  INFO 16960 --- [restartedMain] org.apache.catalina.core.StandardEngine  : Starting Servlet engine: [Apache Tomcat/9.0.14]
2021-01-06 12:07:59.373  INFO 16960 --- [restartedMain] o.a.catalina.core.AprLifecycleListener   : The APR based Apache Tomcat Native library which allows optimal performance in production environments was not found on the java.library.path: [C:\Users\earta\.jdks\openjdk-15\bin;C:\Windows\Sun\Java\bin;C:\Windows\system32;C:\Windows;C:\Python39\Scripts\;C:\Python39\;C:\Program Files\Common Files\Oracle\Java\javapath;C:\Program Files (x86)\Razer Chroma SDK\bin;C:\Program Files\Razer Chroma SDK\bin;C:\Program Files (x86)\Razer\ChromaBroadcast\bin;C:\Program Files\Razer\ChromaBroadcast\bin;C:\Program Files (x86)\Common Files\Oracle\Java\javapath;C:\Windows\system32;C:\Windows;C:\Windows\System32\Wbem;C:\Windows\System32\WindowsPowerShell\v1.0\;C:\Windows\System32\OpenSSH\;C:\Program Files (x86)\Intel\Intel(R) Management Engine Components\DAL;C:\Program Files\Intel\Intel(R) Management Engine Components\DAL;C:\Program Files\Intel\WiFi\bin\;C:\Program Files\Common Files\Intel\WirelessCommon\;C:\Program Files\Java\jdk-13.0.1\bin;C:\Program Files\Java\apache-maven-3.6.3\bin;C:\Program Files\Microsoft\Web Platform Installer\;C:\Program Files (x86)\Microsoft ASP.NET\ASP.NET Web Pages\v1.0\;C:\Program Files\Microsoft SQL Server\110\Tools\Binn\;C:\Windows\system32\config\systemprofile\AppData\Local\Microsoft\WindowsApps;C:\Program Files (x86)\NVIDIA Corporation\PhysX\Common;C:\Program Files\NVIDIA Corporation\NVIDIA NvDLISR;C:\Program Files\CMake\bin;C:\Program Files (x86)\Microsoft Visual Studio\2019\Community\MSBuild\Current\Bin;C:\Program Files\Perforce\;X:\Amazon\AWSCLIV2\;C:\Program Files\dotnet\;X:\Perforce;X:\Perforce\;X:\PuTTY\;C:\Program Files\Git\cmd;X:\nodejs\;C:\ProgramData\chocolatey\bin;;C:\Program Files\Docker\Docker\resources\bin;C:\ProgramData\DockerDesktop\version-bin;C:\Program Files\MySQL\MySQL Shell 8.0\bin\;C:\Users\earta\AppData\Local\GitHubDesktop\bin;H:\IntelliJ IDEA Community Edition 2020.1.2\bin;;X:\Perforce\Server;X:\Rider\bin;;X:\Flutter\bin;X:\VS Code\bin;C:\Users\earta\AppData\Roaming\npm;C:\tools\dart-sdk\bin;C:\Users\earta\AppData\Roaming\Pub\Cache\bin;X:\Cloud SDK\google-cloud-sdk\bin;.]
2021-01-06 12:07:59.441  INFO 16960 --- [restartedMain] o.a.c.c.C.[Tomcat].[localhost].[/]       : Initializing Spring embedded WebApplicationContext
2021-01-06 12:07:59.441  INFO 16960 --- [restartedMain] o.s.web.context.ContextLoader            : Root WebApplicationContext: initialization completed in 877 ms
2021-01-06 12:07:59.487  WARN 16960 --- [restartedMain] c.n.c.sources.URLConfigurationSource     : No URLs will be polled as dynamic configuration sources.
2021-01-06 12:07:59.488  INFO 16960 --- [restartedMain] c.n.c.sources.URLConfigurationSource     : To enable URLs as dynamic configuration sources, define System property archaius.configurationSource.additionalUrls or make config.properties available on classpath.
2021-01-06 12:07:59.491  INFO 16960 --- [restartedMain] c.netflix.config.DynamicPropertyFactory  : DynamicPropertyFactory is initialized with configuration sources: com.netflix.config.ConcurrentCompositeConfiguration@6eefeca3
2021-01-06 12:07:59.739  WARN 16960 --- [restartedMain] c.n.c.sources.URLConfigurationSource     : No URLs will be polled as dynamic configuration sources.
2021-01-06 12:07:59.739  INFO 16960 --- [restartedMain] c.n.c.sources.URLConfigurationSource     : To enable URLs as dynamic configuration sources, define System property archaius.configurationSource.additionalUrls or make config.properties available on classpath.
2021-01-06 12:07:59.825  INFO 16960 --- [restartedMain] o.s.s.concurrent.ThreadPoolTaskExecutor  : Initializing ExecutorService 'applicationTaskExecutor'
2021-01-06 12:07:59.991  WARN 16960 --- [restartedMain] o.s.b.d.a.OptionalLiveReloadServer       : Unable to start LiveReload server
2021-01-06 12:08:00.086  INFO 16960 --- [restartedMain] o.s.b.a.e.web.EndpointLinksResolver      : Exposing 2 endpoint(s) beneath base path '/actuator'
2021-01-06 12:08:00.155  INFO 16960 --- [restartedMain] o.s.b.w.embedded.tomcat.TomcatWebServer  : Tomcat started on port(s): 55601 (http) with context path ''
2021-01-06 12:08:00.156  INFO 16960 --- [restartedMain] .s.c.n.e.s.EurekaAutoServiceRegistration : Updating port to 55601
2021-01-06 12:08:00.159  INFO 16960 --- [restartedMain] o.s.c.n.eureka.InstanceInfoFactory       : Setting initial instance status as: STARTING
2021-01-06 12:08:00.184  INFO 16960 --- [restartedMain] com.netflix.discovery.DiscoveryClient    : Initializing Eureka in region us-east-1
2021-01-06 12:08:00.270  INFO 16960 --- [restartedMain] c.n.d.provider.DiscoveryJerseyProvider   : Using JSON encoding codec LegacyJacksonJson
2021-01-06 12:08:00.270  INFO 16960 --- [restartedMain] c.n.d.provider.DiscoveryJerseyProvider   : Using JSON decoding codec LegacyJacksonJson
2021-01-06 12:08:00.328  INFO 16960 --- [restartedMain] c.n.d.provider.DiscoveryJerseyProvider   : Using XML encoding codec XStreamXml
2021-01-06 12:08:00.329  INFO 16960 --- [restartedMain] c.n.d.provider.DiscoveryJerseyProvider   : Using XML decoding codec XStreamXml
2021-01-06 12:08:00.488  INFO 16960 --- [restartedMain] c.n.d.s.r.aws.ConfigClusterResolver      : Resolving eureka endpoints via configuration
2021-01-06 12:08:00.504  INFO 16960 --- [restartedMain] com.netflix.discovery.DiscoveryClient    : Disable delta property : false
2021-01-06 12:08:00.505  INFO 16960 --- [restartedMain] com.netflix.discovery.DiscoveryClient    : Single vip registry refresh property : null
2021-01-06 12:08:00.505  INFO 16960 --- [restartedMain] com.netflix.discovery.DiscoveryClient    : Force full registry fetch : false
2021-01-06 12:08:00.505  INFO 16960 --- [restartedMain] com.netflix.discovery.DiscoveryClient    : Application is null : false
2021-01-06 12:08:00.505  INFO 16960 --- [restartedMain] com.netflix.discovery.DiscoveryClient    : Registered Applications size is zero : true
2021-01-06 12:08:00.505  INFO 16960 --- [restartedMain] com.netflix.discovery.DiscoveryClient    : Application version is -1: true
2021-01-06 12:08:00.505  INFO 16960 --- [restartedMain] com.netflix.discovery.DiscoveryClient    : Getting all instance registry info from the eureka server
2021-01-06 12:08:00.590  INFO 16960 --- [restartedMain] com.netflix.discovery.DiscoveryClient    : The response status is 200
2021-01-06 12:08:00.594  INFO 16960 --- [restartedMain] com.netflix.discovery.DiscoveryClient    : Starting heartbeat executor: renew interval is: 30
2021-01-06 12:08:00.597  INFO 16960 --- [restartedMain] c.n.discovery.InstanceInfoReplicator     : InstanceInfoReplicator onDemand update allowed rate per min is 4
2021-01-06 12:08:00.605  INFO 16960 --- [restartedMain] com.netflix.discovery.DiscoveryClient    : Discovery Client initialized at timestamp 1609924080604 with initial instances count: 0
2021-01-06 12:08:00.605  INFO 16960 --- [restartedMain] o.s.c.n.e.s.EurekaServiceRegistry        : Registering application ALBUMS-WS with eureka with status UP
2021-01-06 12:08:00.606  INFO 16960 --- [restartedMain] com.netflix.discovery.DiscoveryClient    : Saw local status change event StatusChangeEvent [timestamp=1609924080606, current=UP, previous=STARTING]
2021-01-06 12:08:00.606  INFO 16960 --- [DiscoveryClient-InstanceInfoReplicator-0] com.netflix.discovery.DiscoveryClient    : DiscoveryClient_ALBUMS-WS/albums-ws:5b3be458d7c172868e337641e8b8d6c5: registering service...
2021-01-06 12:08:00.608  INFO 16960 --- [restartedMain] c.e.a.AlbumsServiceApplication           : Started AlbumsServiceApplication in 2.593 seconds (JVM running for 3.003)
2021-01-06 12:08:00.636  INFO 16960 --- [DiscoveryClient-InstanceInfoReplicator-0] com.netflix.discovery.DiscoveryClient    : DiscoveryClient_ALBUMS-WS/albums-ws:5b3be458d7c172868e337641e8b8d6c5 - registration status: 204
2021-01-06 12:08:00.730  INFO 16960 --- [RMI TCP Connection(3)-192.168.1.24] o.a.c.c.C.[Tomcat].[localhost].[/]       : Initializing Spring DispatcherServlet 'dispatcherServlet'
2021-01-06 12:08:00.730  INFO 16960 --- [RMI TCP Connection(3)-192.168.1.24] o.s.web.servlet.DispatcherServlet        : Initializing Servlet 'dispatcherServlet'
2021-01-06 12:08:00.734  INFO 16960 --- [RMI TCP Connection(3)-192.168.1.24] o.s.web.servlet.DispatcherServlet        : Completed initialization in 4 ms
2021-01-06 12:08:30.595  INFO 16960 --- [DiscoveryClient-CacheRefreshExecutor-0] com.netflix.discovery.DiscoveryClient    : Disable delta property : false
2021-01-06 12:08:30.595  INFO 16960 --- [DiscoveryClient-CacheRefreshExecutor-0] com.netflix.discovery.DiscoveryClient    : Single vip registry refresh property : null
2021-01-06 12:08:30.595  INFO 16960 --- [DiscoveryClient-CacheRefreshExecutor-0] com.netflix.discovery.DiscoveryClient    : Force full registry fetch : false
2021-01-06 12:08:30.595  INFO 16960 --- [DiscoveryClient-CacheRefreshExecutor-0] com.netflix.discovery.DiscoveryClient    : Application is null : false
2021-01-06 12:08:30.595  INFO 16960 --- [DiscoveryClient-CacheRefreshExecutor-0] com.netflix.discovery.DiscoveryClient    : Registered Applications size is zero : true
2021-01-06 12:08:30.595  INFO 16960 --- [DiscoveryClient-CacheRefreshExecutor-0] com.netflix.discovery.DiscoveryClient    : Application version is -1: false
2021-01-06 12:08:30.595  INFO 16960 --- [DiscoveryClient-CacheRefreshExecutor-0] com.netflix.discovery.DiscoveryClient    : Getting all instance registry info from the eureka server
2021-01-06 12:08:30.611  INFO 16960 --- [DiscoveryClient-CacheRefreshExecutor-0] com.netflix.discovery.DiscoveryClient    : The response status is 200
2021-01-06 12:09:18.630  INFO 16960 --- [http-nio-auto-1-exec-1] c.e.a.controllers.AlbumsController       : Returning 2 albums
2021-01-06 12:13:00.512  INFO 16960 --- [AsyncResolver-bootstrap-executor-0] c.n.d.s.r.aws.ConfigClusterResolver      : Resolving eureka endpoints via configuration
2021-01-06 12:18:00.514  INFO 16960 --- [AsyncResolver-bootstrap-executor-0] c.n.d.s.r.aws.ConfigClusterResolver      : Resolving eureka endpoints via configuration
2021-01-06 12:23:00.514  INFO 16960 --- [AsyncResolver-bootstrap-executor-0] c.n.d.s.r.aws.ConfigClusterResolver      : Resolving eureka endpoints via configuration
2021-01-06 12:28:00.515  INFO 16960 --- [AsyncResolver-bootstrap-executor-0] c.n.d.s.r.aws.ConfigClusterResolver      : Resolving eureka endpoints via configuration
